c:\users\fanni\desktop\tetris\lab8\debug\vc141.pdb
c:\users\fanni\desktop\tetris\lab8\debug\vc141.idb
c:\users\fanni\desktop\tetris\lab8\debug\tetrisgame.obj
c:\users\fanni\desktop\tetris\lab8\debug\tetramino.obj
c:\users\fanni\desktop\tetris\lab8\debug\point.obj
c:\users\fanni\desktop\tetris\lab8\debug\main.obj
c:\users\fanni\desktop\tetris\lab8\debug\gridtetramino.obj
c:\users\fanni\desktop\tetris\lab8\debug\gameboard.obj
c:\users\fanni\desktop\tetris\debug\tetris.ilk
c:\users\fanni\desktop\tetris\debug\tetris.exe
c:\users\fanni\desktop\tetris\debug\tetris.pdb
c:\users\fanni\desktop\tetris\lab8\debug\resource.res
c:\users\fanni\desktop\tetris\lab8\debug\tetris.tlog\cl.command.1.tlog
c:\users\fanni\desktop\tetris\lab8\debug\tetris.tlog\cl.read.1.tlog
c:\users\fanni\desktop\tetris\lab8\debug\tetris.tlog\cl.write.1.tlog
c:\users\fanni\desktop\tetris\lab8\debug\tetris.tlog\link.command.1.tlog
c:\users\fanni\desktop\tetris\lab8\debug\tetris.tlog\link.read.1.tlog
c:\users\fanni\desktop\tetris\lab8\debug\tetris.tlog\link.write.1.tlog
c:\users\fanni\desktop\tetris\lab8\debug\tetris.tlog\rc.command.1.tlog
c:\users\fanni\desktop\tetris\lab8\debug\tetris.tlog\rc.read.1.tlog
c:\users\fanni\desktop\tetris\lab8\debug\tetris.tlog\rc.write.1.tlog
